{
  "RSpec": {
    "coverage": {
      "/Users/alan/Consolidation/oystercard-2/spec/journey_spec.rb": [
        1,
        null,
        1,
        6,
        6,
        4,
        null,
        1,
        1,
        null,
        null,
        1,
        1,
        1,
        null,
        null,
        1,
        1,
        1,
        null,
        null,
        1,
        1,
        null,
        null,
        1,
        1,
        1,
        null,
        null
      ],
      "/Users/alan/Consolidation/oystercard-2/lib/journey.rb": [
        1,
        1,
        null,
        1,
        1,
        null,
        1,
        7,
        7,
        7,
        null,
        null,
        1,
        4,
        4,
        4,
        null,
        null,
        1,
        3,
        null,
        null,
        1,
        null,
        1,
        3,
        null,
        null
      ],
      "/Users/alan/Consolidation/oystercard-2/spec/oystercard_spec.rb": [
        1,
        1,
        6,
        3,
        2,
        null,
        1,
        1,
        null,
        null,
        1,
        4,
        null,
        null,
        1,
        1,
        1,
        2,
        null,
        null,
        1,
        1,
        2,
        null,
        null,
        1,
        1,
        1,
        2,
        2,
        null,
        null
      ],
      "/Users/alan/Consolidation/oystercard-2/lib/oystercard.rb": [
        1,
        null,
        1,
        1,
        1,
        1,
        null,
        1,
        5,
        5,
        null,
        null,
        1,
        4,
        3,
        null,
        null,
        1,
        2,
        2,
        null,
        null,
        1,
        1,
        1,
        1,
        null,
        null,
        1,
        null,
        1,
        1,
        null,
        null
      ],
      "/Users/alan/Consolidation/oystercard-2/spec/station_spec.rb": [
        1,
        null,
        1,
        3,
        null,
        1,
        1,
        null,
        null,
        1,
        1,
        null,
        null
      ],
      "/Users/alan/Consolidation/oystercard-2/lib/station.rb": [
        1
      ]
    },
    "timestamp": 1452616918
  }
}
