{
  "RSpec": {
    "coverage": {
      "/Users/garethmckenna/Projects/oystercard_2/spec/oystercard_spec.rb": [
        1,
        1,
        4,
        null,
        1,
        1,
        null,
        null,
        1,
        1,
        1,
        null,
        null,
        1,
        1,
        1,
        2,
        null,
        null
      ],
      "/Users/garethmckenna/Projects/oystercard_2/lib/oystercard.rb": [
        1,
        1,
        1,
        null,
        1,
        3,
        null,
        null,
        1,
        3,
        2,
        null,
        null,
        null
      ]
    },
    "timestamp": 1452594510
  }
}
